<?xml version="1.0" encoding="UTF-8"?>
<testng-results ignored="0" total="1" passed="1" failed="0" skipped="0">
  <reporter-output>
  </reporter-output>
  <suite started-at="2020-03-29T18:04:00 BRT" name="Default suite" finished-at="2020-03-29T18:04:35 BRT" duration-ms="35285">
    <groups>
    </groups>
    <test started-at="2020-03-29T18:04:00 BRT" name="Default test" finished-at="2020-03-29T18:04:35 BRT" duration-ms="35285">
      <class name="br.com.ProjectTDD.pages.Principal">
        <test-method is-config="true" signature="openBrowser()[pri:0, instance:br.com.ProjectTDD.pages.Principal@3d680b5a]" started-at="2020-03-29T18:04:00 BRT" name="openBrowser" finished-at="2020-03-29T18:04:14 BRT" duration-ms="14518" status="PASS">
          <reporter-output>
          </reporter-output>
        </test-method> <!-- openBrowser -->
        <test-method signature="ConsultaPorTelaNegativo()[pri:0, instance:br.com.ProjectTDD.pages.Principal@3d680b5a]" started-at="2020-03-29T18:04:14 BRT" name="ConsultaPorTelaNegativo" finished-at="2020-03-29T18:04:34 BRT" duration-ms="20104" status="PASS">
          <reporter-output>
          </reporter-output>
        </test-method> <!-- ConsultaPorTelaNegativo -->
        <test-method is-config="true" signature="fechaNavegador()[pri:0, instance:br.com.ProjectTDD.pages.Principal@3d680b5a]" started-at="2020-03-29T18:04:34 BRT" name="fechaNavegador" finished-at="2020-03-29T18:04:35 BRT" duration-ms="626" status="PASS">
          <reporter-output>
          </reporter-output>
        </test-method> <!-- fechaNavegador -->
      </class> <!-- br.com.ProjectTDD.pages.Principal -->
    </test> <!-- Default test -->
  </suite> <!-- Default suite -->
</testng-results>
